D:\HOCTAP\LAPTRINHDOHOA\BTL\BTL\SKYGARDEN\DEBUG\SKYGARDEN.EXE
D:\HOCTAP\LAPTRINHDOHOA\BTL\BTL\SKYGARDEN\DEBUG\SKYGARDEN.ILK
D:\HOCTAP\LAPTRINHDOHOA\BTL\BTL\SKYGARDEN\DEBUG\SKYGARDEN.PDB
D:\HocTap\LapTrinhDoHoa\BTL\BTL\skygarden\skygarden\Debug\cl.command.1.tlog
D:\HocTap\LapTrinhDoHoa\BTL\BTL\skygarden\skygarden\Debug\CL.read.1.tlog
D:\HocTap\LapTrinhDoHoa\BTL\BTL\skygarden\skygarden\Debug\CL.write.1.tlog
D:\HocTap\LapTrinhDoHoa\BTL\BTL\skygarden\skygarden\Debug\link.3524.read.1.tlog
D:\HocTap\LapTrinhDoHoa\BTL\BTL\skygarden\skygarden\Debug\link.3524.write.1.tlog
D:\HocTap\LapTrinhDoHoa\BTL\BTL\skygarden\skygarden\Debug\link.3524-cvtres.read.1.tlog
D:\HocTap\LapTrinhDoHoa\BTL\BTL\skygarden\skygarden\Debug\link.3524-cvtres.write.1.tlog
D:\HocTap\LapTrinhDoHoa\BTL\BTL\skygarden\skygarden\Debug\link.command.1.tlog
D:\HocTap\LapTrinhDoHoa\BTL\BTL\skygarden\skygarden\Debug\link.read.1.tlog
D:\HocTap\LapTrinhDoHoa\BTL\BTL\skygarden\skygarden\Debug\link.write.1.tlog
D:\HocTap\LapTrinhDoHoa\BTL\BTL\skygarden\skygarden\Debug\link-cvtres.read.1.tlog
D:\HocTap\LapTrinhDoHoa\BTL\BTL\skygarden\skygarden\Debug\link-cvtres.write.1.tlog
D:\HocTap\LapTrinhDoHoa\BTL\BTL\skygarden\skygarden\Debug\mt.command.1.tlog
D:\HocTap\LapTrinhDoHoa\BTL\BTL\skygarden\skygarden\Debug\mt.read.1.tlog
D:\HocTap\LapTrinhDoHoa\BTL\BTL\skygarden\skygarden\Debug\mt.write.1.tlog
D:\HocTap\LapTrinhDoHoa\BTL\BTL\skygarden\skygarden\Debug\rc.command.1.tlog
D:\HocTap\LapTrinhDoHoa\BTL\BTL\skygarden\skygarden\Debug\rc.read.1.tlog
D:\HocTap\LapTrinhDoHoa\BTL\BTL\skygarden\skygarden\Debug\rc.write.1.tlog
D:\HOCTAP\LAPTRINHDOHOA\BTL\BTL\SKYGARDEN\SKYGARDEN\DEBUG\SKY_GARDEN_MAIN.OBJ
D:\HOCTAP\LAPTRINHDOHOA\BTL\BTL\SKYGARDEN\SKYGARDEN\DEBUG\SKYGARDEN.EXE.EMBED.MANIFEST
D:\HOCTAP\LAPTRINHDOHOA\BTL\BTL\SKYGARDEN\SKYGARDEN\DEBUG\SKYGARDEN.EXE.EMBED.MANIFEST.RES
D:\HOCTAP\LAPTRINHDOHOA\BTL\BTL\SKYGARDEN\SKYGARDEN\DEBUG\SKYGARDEN.EXE.INTERMEDIATE.MANIFEST
D:\HocTap\LapTrinhDoHoa\BTL\BTL\skygarden\skygarden\Debug\skygarden.write.1.tlog
D:\HocTap\LapTrinhDoHoa\BTL\BTL\skygarden\skygarden\Debug\skygarden_manifest.rc
D:\HocTap\LapTrinhDoHoa\BTL\BTL\skygarden\skygarden\Debug\vc100.idb
D:\HOCTAP\LAPTRINHDOHOA\BTL\BTL\SKYGARDEN\SKYGARDEN\DEBUG\VC100.PDB
