Build started 6/1/2022 11:41:30 AM.
     1>Project "D:\Data\CNTT\lddh\SkyGarden_PCNang_BPTung_NNPBao_TTPhong\skygarden\skygarden\skygarden.vcxproj" on node 2 (build target(s)).
     1>InitializeBuildStatus:
         Touching "Debug\skygarden.unsuccessfulbuild".
       ClCompile:
         C:\Program Files (x86)\Microsoft Visual Studio 10.0\VC\bin\CL.exe /c /ZI /nologo /W3 /WX- /Od /Oy- /D WIN32 /D _DEBUG /D _CONSOLE /D _UNICODE /D UNICODE /Gm /EHsc /RTC1 /MDd /GS /fp:precise /Zc:wchar_t /Zc:forScope /Fo"Debug\\" /Fd"Debug\vc100.pdb" /Gd /TP /analyze- /errorReport:prompt sky_garden_main.cpp
         sky_garden_main.cpp
     1>d:\data\cntt\lddh\skygarden_pcnang_bptung_nnpbao_ttphong\skygarden\skygarden\store.h(183): warning C4101: 'Size_s' : unreferenced local variable
       ManifestResourceCompile:
         C:\Program Files (x86)\Microsoft SDKs\Windows\v7.0A\bin\rc.exe /nologo /fo"Debug\skygarden.exe.embed.manifest.res" Debug\skygarden_manifest.rc 
       Link:
         C:\Program Files (x86)\Microsoft Visual Studio 10.0\VC\bin\link.exe /ERRORREPORT:PROMPT /OUT:"D:\Data\CNTT\lddh\SkyGarden_PCNang_BPTung_NNPBao_TTPhong\skygarden\Debug\skygarden.exe" /INCREMENTAL /NOLOGO kernel32.lib user32.lib gdi32.lib winspool.lib comdlg32.lib advapi32.lib shell32.lib ole32.lib oleaut32.lib uuid.lib odbc32.lib odbccp32.lib /MANIFEST /ManifestFile:"Debug\skygarden.exe.intermediate.manifest" /MANIFESTUAC:"level='asInvoker' uiAccess='false'" /DEBUG /PDB:"D:\Data\CNTT\lddh\SkyGarden_PCNang_BPTung_NNPBao_TTPhong\skygarden\Debug\skygarden.pdb" /SUBSYSTEM:CONSOLE /TLBID:1 /DYNAMICBASE /NXCOMPAT /IMPLIB:"D:\Data\CNTT\lddh\SkyGarden_PCNang_BPTung_NNPBao_TTPhong\skygarden\Debug\skygarden.lib" /MACHINE:X86 Debug\skygarden.exe.embed.manifest.res
         Debug\sky_garden_main.obj
       Manifest:
         C:\Program Files (x86)\Microsoft SDKs\Windows\v7.0A\bin\mt.exe /nologo /verbose /out:"Debug\skygarden.exe.embed.manifest" /manifest Debug\skygarden.exe.intermediate.manifest
         All outputs are up-to-date.
       LinkEmbedManifest:
         All outputs are up-to-date.
         skygarden.vcxproj -> D:\Data\CNTT\lddh\SkyGarden_PCNang_BPTung_NNPBao_TTPhong\skygarden\Debug\skygarden.exe
       FinalizeBuildStatus:
         Deleting file "Debug\skygarden.unsuccessfulbuild".
         Touching "Debug\skygarden.lastbuildstate".
     1>Done Building Project "D:\Data\CNTT\lddh\SkyGarden_PCNang_BPTung_NNPBao_TTPhong\skygarden\skygarden\skygarden.vcxproj" (build target(s)).

Build succeeded.

Time Elapsed 00:00:02.67
